<?xml version="1.0" encoding="UTF-8"?>
<!-- Generated by org.testng.reporters.JUnitReportReporter -->
<testsuite skipped="0" hostname="HDC4-D-38RYQG2" name="Testmaven.testNG2" tests="5" failures="0" timestamp="2019-10-29T17:10:55 IST" time="0.035" errors="0">
  <testcase name="Login" time="0.002" classname="Testmaven.testNG2"/>
  <testcase name="Login" time="0.002" classname="Testmaven.testNG2"/>
  <testcase name="Login" time="0.002" classname="Testmaven.testNG2"/>
  <testcase name="Login" time="0.024" classname="Testmaven.testNG2"/>
  <testcase name="Login" time="0.005" classname="Testmaven.testNG2"/>
</testsuite> <!-- Testmaven.testNG2 -->
