<?xml version="1.0" encoding="UTF-8"?>
<!-- Generated by org.testng.reporters.JUnitReportReporter -->
<testsuite skipped="0" hostname="HDC4-D-38RYQG2" name="Testmaven.testNGgrouping$testNG" tests="1" failures="0" timestamp="2019-10-29T17:54:38 IST" time="0.025" errors="0">
  <testcase name="forgotPassword" time="0.025" classname="Testmaven.testNGgrouping$testNG"/>
</testsuite> <!-- Testmaven.testNGgrouping$testNG -->
