<?xml version="1.0" encoding="UTF-8"?>
<!-- Generated by org.testng.reporters.JUnitReportReporter -->
<testsuite skipped="0" hostname="HDC4-D-38RYQG2" name="Testmaven.testNG" tests="3" failures="0" timestamp="2019-10-29T16:24:50 IST" time="0.034" errors="0">
  <testcase name="signUp" time="0.004" classname="Testmaven.testNG"/>
  <testcase name="forgotPassword" time="0.026" classname="Testmaven.testNG"/>
  <testcase name="login" time="0.004" classname="Testmaven.testNG"/>
</testsuite> <!-- Testmaven.testNG -->
